Connecting to database specified by database.yml
  [1m[36m (0.1ms)[0m  [1mSELECT "schema_migrations"."version" FROM "schema_migrations" [0m
Migrating to CreateEffectivePages (1)
  [1m[35m (0.1ms)[0m  select sqlite_version(*)
  [1m[36m (0.1ms)[0m  [1mSELECT "schema_migrations"."version" FROM "schema_migrations" [0m
Connecting to database specified by database.yml
  [1m[36m (0.1ms)[0m  [1mSELECT "schema_migrations"."version" FROM "schema_migrations" [0m
Migrating to CreateEffectivePages (1)
  [1m[35m (0.0ms)[0m  select sqlite_version(*)
  [1m[36m (0.1ms)[0m  [1mSELECT "schema_migrations"."version" FROM "schema_migrations" [0m
Connecting to database specified by database.yml
  [1m[36m (0.1ms)[0m  [1mselect sqlite_version(*)[0m
  [1m[35m (0.9ms)[0m  CREATE TABLE "schema_migrations" ("version" varchar(255) NOT NULL) 
  [1m[36m (0.7ms)[0m  [1mCREATE UNIQUE INDEX "unique_schema_migrations" ON "schema_migrations" ("version")[0m
  [1m[35m (0.1ms)[0m  SELECT "schema_migrations"."version" FROM "schema_migrations" 
Migrating to CreateEffectivePages (1)
  [1m[36m (0.1ms)[0m  [1mbegin transaction[0m
  [1m[35m (0.4ms)[0m  CREATE TABLE "pages" ("id" INTEGER PRIMARY KEY AUTOINCREMENT NOT NULL, "title" varchar(255), "meta_description" varchar(255), "draft" boolean DEFAULT 'f', "layout" varchar(255) DEFAULT 'application', "template" varchar(255), "slug" varchar(255), "roles_mask" integer DEFAULT 0, "updated_at" datetime, "created_at" datetime) 
  [1m[36m (1.0ms)[0m  [1mCREATE UNIQUE INDEX "index_pages_on_slug" ON "pages" ("slug")[0m
  [1m[35m (0.2ms)[0m  CREATE TABLE "menus" ("id" INTEGER PRIMARY KEY AUTOINCREMENT NOT NULL, "title" varchar(255), "created_at" datetime NOT NULL, "updated_at" datetime NOT NULL) 
  [1m[36m (0.3ms)[0m  [1mCREATE TABLE "menu_items" ("id" INTEGER PRIMARY KEY AUTOINCREMENT NOT NULL, "menu_id" integer, "menuable_id" integer, "menuable_type" varchar(255), "title" varchar(255), "url" varchar(255), "classes" varchar(255), "new_window" boolean DEFAULT 'f', "lft" integer, "rgt" integer) [0m
  [1m[35m (0.1ms)[0m  CREATE INDEX "index_menu_items_on_lft" ON "menu_items" ("lft")
  [1m[36m (0.1ms)[0m  [1mINSERT INTO "schema_migrations" ("version") VALUES ('1')[0m
  [1m[35m (0.7ms)[0m  commit transaction
  [1m[36m (0.1ms)[0m  [1mSELECT "schema_migrations"."version" FROM "schema_migrations" [0m
Connecting to database specified by database.yml
  [1m[36m (0.1ms)[0m  [1mselect sqlite_version(*)[0m
  [1m[35m (99.0ms)[0m  CREATE TABLE "schema_migrations" ("version" varchar(255) NOT NULL) 
  [1m[36m (652.6ms)[0m  [1mCREATE UNIQUE INDEX "unique_schema_migrations" ON "schema_migrations" ("version")[0m
  [1m[35m (0.1ms)[0m  SELECT "schema_migrations"."version" FROM "schema_migrations" 
Migrating to CreateEffectivePages (1)
  [1m[36m (0.1ms)[0m  [1mbegin transaction[0m
  [1m[35m (0.6ms)[0m  CREATE TABLE "pages" ("id" INTEGER PRIMARY KEY AUTOINCREMENT NOT NULL, "title" varchar(255), "meta_description" varchar(255), "draft" boolean DEFAULT 'f', "layout" varchar(255) DEFAULT 'application', "template" varchar(255), "slug" varchar(255), "roles_mask" integer DEFAULT 0, "updated_at" datetime, "created_at" datetime) 
  [1m[36m (1.0ms)[0m  [1mCREATE UNIQUE INDEX "index_pages_on_slug" ON "pages" ("slug")[0m
  [1m[35m (0.1ms)[0m  CREATE TABLE "menus" ("id" INTEGER PRIMARY KEY AUTOINCREMENT NOT NULL, "title" varchar(255), "created_at" datetime NOT NULL, "updated_at" datetime NOT NULL) 
  [1m[36m (0.2ms)[0m  [1mCREATE TABLE "menu_items" ("id" INTEGER PRIMARY KEY AUTOINCREMENT NOT NULL, "menu_id" integer, "menuable_id" integer, "menuable_type" varchar(255), "title" varchar(255), "url" varchar(255), "classes" varchar(255), "new_window" boolean DEFAULT 'f', "lft" integer, "rgt" integer) [0m
  [1m[35m (0.1ms)[0m  CREATE INDEX "index_menu_items_on_lft" ON "menu_items" ("lft")
  [1m[36m (0.1ms)[0m  [1mINSERT INTO "schema_migrations" ("version") VALUES ('1')[0m
  [1m[35m (0.6ms)[0m  commit transaction
  [1m[36m (0.1ms)[0m  [1mSELECT "schema_migrations"."version" FROM "schema_migrations" [0m
